

Version:	3.9
CmdLine:	C:\Users\duyph\Google Drive\Projects\Greenfoot\Greenfoot Game Project - Year 2\Gauntlet.exe --l4j-debug
WOW64:		yes
Working dir:	C:\Users\duyph\Google Drive\Projects\Greenfoot\Greenfoot Game Project - Year 2\.
64-bit search:	SOFTWARE\JavaSoft\Java Runtime Environment...
Check:		SOFTWARE\JavaSoft\Java Runtime Environment\1.8
Check launcher:	C:\Program Files\Java\jre1.8.0_121\bin\javaw.exe (OK)
Match:		1.8
Check:		SOFTWARE\JavaSoft\Java Runtime Environment\1.8.0_121
Check launcher:	C:\Program Files\Java\jre1.8.0_121\bin\javaw.exe (OK)
Match:		1.8.0_121
64-bit search:	SOFTWARE\JavaSoft\Java Development Kit...
Check:		SOFTWARE\JavaSoft\Java Development Kit\1.8
Ignore:		1.8
Check:		SOFTWARE\JavaSoft\Java Development Kit\1.8.0_121
Ignore:		1.8.0_121
Runtime used:	1.8.0_121 (64-bit)
Heap -Xms:	Requested 0 MB / 50%, Available: 5412 MB, Heap size: 2706 MB
Heap -Xmx:	Requested 0 MB / 70%, Available: 5412 MB, Heap size: 3788 MB
Launcher:	C:\Program Files\Java\jre1.8.0_121\bin\javaw.exe
Launcher args:	-Xms2706m -Xmx3788m -jar "C:\Users\duyph\Google Drive\Projects\Greenfoot\Greenfoot Game Project - Year 2\Gauntlet.exe"
Args length:	118/32768 chars
Exit code:	0


Version:	3.9
CmdLine:	C:\Users\duyph\Google Drive\Projects\Greenfoot\Greenfoot Game Project - Year 2\Gauntlet.exe --l4j-debug
WOW64:		yes
Working dir:	C:\Users\duyph\Google Drive\Projects\Greenfoot\Greenfoot Game Project - Year 2\.
64-bit search:	SOFTWARE\JavaSoft\Java Runtime Environment...
Check:		SOFTWARE\JavaSoft\Java Runtime Environment\1.8
Check launcher:	C:\Program Files\Java\jre1.8.0_121\bin\javaw.exe (OK)
Match:		1.8
Check:		SOFTWARE\JavaSoft\Java Runtime Environment\1.8.0_121
Check launcher:	C:\Program Files\Java\jre1.8.0_121\bin\javaw.exe (OK)
Match:		1.8.0_121
64-bit search:	SOFTWARE\JavaSoft\Java Development Kit...
Check:		SOFTWARE\JavaSoft\Java Development Kit\1.8
Ignore:		1.8
Check:		SOFTWARE\JavaSoft\Java Development Kit\1.8.0_121
Ignore:		1.8.0_121
Runtime used:	1.8.0_121 (64-bit)
Heap -Xms:	Requested 0 MB / 50%, Available: 5414 MB, Heap size: 2707 MB
Heap -Xmx:	Requested 0 MB / 70%, Available: 5414 MB, Heap size: 3789 MB
Launcher:	C:\Program Files\Java\jre1.8.0_121\bin\javaw.exe
Launcher args:	-Xms2707m -Xmx3789m -jar "C:\Users\duyph\Google Drive\Projects\Greenfoot\Greenfoot Game Project - Year 2\Gauntlet.exe"
Args length:	118/32768 chars
Exit code:	0


Version:	3.9
CmdLine:	C:\Users\duyph\Google Drive\Projects\Greenfoot\Greenfoot Game Project - Year 2\Gauntlet.exe --l4j-debug
WOW64:		yes
Working dir:	C:\Users\duyph\Google Drive\Projects\Greenfoot\Greenfoot Game Project - Year 2\.
64-bit search:	SOFTWARE\JavaSoft\Java Runtime Environment...
Check:		SOFTWARE\JavaSoft\Java Runtime Environment\1.8
Check launcher:	C:\Program Files\Java\jre1.8.0_121\bin\javaw.exe (OK)
Match:		1.8
Check:		SOFTWARE\JavaSoft\Java Runtime Environment\1.8.0_121
Check launcher:	C:\Program Files\Java\jre1.8.0_121\bin\javaw.exe (OK)
Match:		1.8.0_121
64-bit search:	SOFTWARE\JavaSoft\Java Development Kit...
Check:		SOFTWARE\JavaSoft\Java Development Kit\1.8
Ignore:		1.8
Check:		SOFTWARE\JavaSoft\Java Development Kit\1.8.0_121
Ignore:		1.8.0_121
Runtime used:	1.8.0_121 (64-bit)
Heap -Xms:	Requested 0 MB / 50%, Available: 5416 MB, Heap size: 2708 MB
Heap -Xmx:	Requested 0 MB / 70%, Available: 5416 MB, Heap size: 3791 MB
Launcher:	C:\Program Files\Java\jre1.8.0_121\bin\javaw.exe
Launcher args:	-Xms2708m -Xmx3791m -jar "C:\Users\duyph\Google Drive\Projects\Greenfoot\Greenfoot Game Project - Year 2\Gauntlet.exe"
Args length:	118/32768 chars
Exit code:	0


Version:	3.9
CmdLine:	C:\Users\duyph\Google Drive\Projects\Greenfoot\Greenfoot Game Project - Year 2\Gauntlet.exe --l4j-debug
WOW64:		yes
Working dir:	C:\Users\duyph\Google Drive\Projects\Greenfoot\Greenfoot Game Project - Year 2\.
64-bit search:	SOFTWARE\JavaSoft\Java Runtime Environment...
Check:		SOFTWARE\JavaSoft\Java Runtime Environment\1.8
Check launcher:	C:\Program Files\Java\jre1.8.0_121\bin\javaw.exe (OK)
Match:		1.8
Check:		SOFTWARE\JavaSoft\Java Runtime Environment\1.8.0_121
Check launcher:	C:\Program Files\Java\jre1.8.0_121\bin\javaw.exe (OK)
Match:		1.8.0_121
64-bit search:	SOFTWARE\JavaSoft\Java Development Kit...
Check:		SOFTWARE\JavaSoft\Java Development Kit\1.8
Ignore:		1.8
Check:		SOFTWARE\JavaSoft\Java Development Kit\1.8.0_121
Ignore:		1.8.0_121
Runtime used:	1.8.0_121 (64-bit)
Heap -Xms:	Requested 0 MB / 50%, Available: 5423 MB, Heap size: 2711 MB
Heap -Xmx:	Requested 0 MB / 70%, Available: 5423 MB, Heap size: 3796 MB
Launcher:	C:\Program Files\Java\jre1.8.0_121\bin\javaw.exe
Launcher args:	-Xms2711m -Xmx3796m -jar "C:\Users\duyph\Google Drive\Projects\Greenfoot\Greenfoot Game Project - Year 2\Gauntlet.exe"
Args length:	118/32768 chars
Exit code:	0
